<?xml version="1.0" encoding="UTF-8"?>
<!-- Generated by org.testng.reporters.JUnitReportReporter -->
<testsuite hostname="Navin790" name="WebPage.HomePageTest" tests="3" failures="0" timestamp="20 Apr 2019 11:03:27 GMT" time="14.045" errors="0">
  <testcase name="EditThisPageLink" time="3.231" classname="WebPage.HomePageTest"/>
  <testcase name="EditThisPageLink" time="5.582" classname="WebPage.HomePageTest"/>
  <testcase name="EditThisPageLink" time="5.232" classname="WebPage.HomePageTest"/>
</testsuite> <!-- WebPage.HomePageTest -->
