<?xml version="1.0" encoding="UTF-8"?>
<!-- Generated by org.testng.reporters.JUnitReportReporter -->
<testsuite hostname="Navin790" name="WebPage.HomePageTest" tests="6" failures="0" timestamp="10 Mar 2019 06:12:30 GMT" time="143.992" errors="0">
  <testcase name="VerifySearchOption" time="11.932" classname="WebPage.HomePageTest"/>
  <testcase name="VerifyHomePageLinks" time="28.175" classname="WebPage.HomePageTest"/>
  <testcase name="VerifySearchOption" time="6.672" classname="WebPage.HomePageTest"/>
  <testcase name="VerifyHomePageLinks" time="56.289" classname="WebPage.HomePageTest"/>
  <testcase name="VerifyHomePageLinks" time="31.285" classname="WebPage.HomePageTest"/>
  <testcase name="VerifySearchOption" time="9.639" classname="WebPage.HomePageTest"/>
</testsuite> <!-- WebPage.HomePageTest -->
