<?xml version="1.0" encoding="UTF-8"?>
<!-- Generated by org.testng.reporters.JUnitReportReporter -->
<testsuite hostname="Navin790" name="WebPage.HomePageTest" tests="6" failures="0" timestamp="13 Mar 2019 15:14:09 GMT" time="117.863" errors="0">
  <testcase name="VerifySearchOption" time="10.340" classname="WebPage.HomePageTest"/>
  <testcase name="VerifySearchOption" time="6.143" classname="WebPage.HomePageTest"/>
  <testcase name="VerifyHomePageLinks" time="29.966" classname="WebPage.HomePageTest"/>
  <testcase name="VerifyHomePageLinks" time="33.017" classname="WebPage.HomePageTest"/>
  <testcase name="VerifySearchOption" time="8.865" classname="WebPage.HomePageTest"/>
  <testcase name="VerifyHomePageLinks" time="29.532" classname="WebPage.HomePageTest"/>
</testsuite> <!-- WebPage.HomePageTest -->
