<?xml version="1.0" encoding="UTF-8"?>
<!-- Generated by org.testng.reporters.JUnitReportReporter -->
<testsuite hostname="Navin790" name="WebPage.HomePageTest" tests="1" failures="0" timestamp="7 Mar 2019 09:45:22 GMT" time="5.866" errors="0">
  <testcase name="VerifyHomePageLinks" time="5.866" classname="WebPage.HomePageTest"/>
</testsuite> <!-- WebPage.HomePageTest -->
