<?xml version="1.0" encoding="UTF-8"?>
<!-- Generated by org.testng.reporters.JUnitReportReporter -->
<testsuite hostname="Navin790" name="WebPage.HomePageTest" tests="3" failures="0" timestamp="7 Mar 2019 09:54:54 GMT" time="108.086" errors="0">
  <testcase name="VerifyHomePageLinks" time="32.708" classname="WebPage.HomePageTest"/>
  <testcase name="VerifyHomePageLinks" time="36.743" classname="WebPage.HomePageTest"/>
  <testcase name="VerifyHomePageLinks" time="38.635" classname="WebPage.HomePageTest"/>
</testsuite> <!-- WebPage.HomePageTest -->
