<?xml version="1.0" encoding="UTF-8"?>
<!-- Generated by org.testng.reporters.JUnitReportReporter -->
<testsuite hostname="Navin790" name="WebPage.HomePageTest" tests="3" failures="0" timestamp="12 Apr 2019 07:31:24 GMT" time="115.494" errors="0">
  <testcase name="VerifySearchOption" time="23.947" classname="WebPage.HomePageTest"/>
  <testcase name="VerifySearchOption" time="45.245" classname="WebPage.HomePageTest"/>
  <testcase name="VerifySearchOption" time="46.302" classname="WebPage.HomePageTest"/>
</testsuite> <!-- WebPage.HomePageTest -->
