<?xml version="1.0" encoding="UTF-8"?>
<!-- Generated by org.testng.reporters.JUnitReportReporter -->
<testsuite hostname="Navin790" name="WebPage.HomePageTest" tests="1" failures="0" timestamp="23 Mar 2019 13:52:38 GMT" time="23.508" errors="0">
  <testcase name="VerifySearchOption" time="23.508" classname="WebPage.HomePageTest"/>
</testsuite> <!-- WebPage.HomePageTest -->
