<?xml version="1.0" encoding="UTF-8"?>
<!-- Generated by org.testng.reporters.JUnitReportReporter -->
<testsuite hostname="Navin790" name="WebPage.HomePageTest" tests="3" failures="0" timestamp="15 Apr 2019 16:48:19 GMT" time="13.115" errors="0">
  <testcase name="EditThisPageLink" time="4.760" classname="WebPage.HomePageTest"/>
  <testcase name="EditThisPageLink" time="4.584" classname="WebPage.HomePageTest"/>
  <testcase name="EditThisPageLink" time="3.771" classname="WebPage.HomePageTest"/>
</testsuite> <!-- WebPage.HomePageTest -->
