<?xml version="1.0" encoding="UTF-8"?>
<!-- Generated by org.testng.reporters.JUnitReportReporter -->
<testsuite hostname="Navin790" name="WebPage.HomePageTest" tests="3" failures="0" timestamp="25 Apr 2019 13:42:55 GMT" time="109.364" errors="0">
  <testcase name="VerifyMenu_HomePage" time="44.079" classname="WebPage.HomePageTest"/>
  <testcase name="VerifyMenu_HomePage" time="13.970" classname="WebPage.HomePageTest"/>
  <testcase name="VerifyMenu_HomePage" time="51.315" classname="WebPage.HomePageTest"/>
</testsuite> <!-- WebPage.HomePageTest -->
