<?xml version="1.0" encoding="UTF-8"?>
<!-- Generated by org.testng.reporters.JUnitReportReporter -->
<testsuite hostname="Navin790" name="WebPage.HomePageTest" tests="3" failures="0" timestamp="18 Mar 2019 08:14:57 GMT" time="31.681" errors="0">
  <testcase name="VerifySearchOption" time="8.201" classname="WebPage.HomePageTest"/>
  <testcase name="VerifySearchOption" time="10.876" classname="WebPage.HomePageTest"/>
  <testcase name="VerifySearchOption" time="12.604" classname="WebPage.HomePageTest"/>
</testsuite> <!-- WebPage.HomePageTest -->
